<?xml version="1.0" encoding="UTF-8"?>
<!-- Generated by org.testng.reporters.JUnitReportReporter -->
<testsuite hostname="iDiya" name="test.java.NewTest" tests="1"
	failures="0" timestamp="1 Mar 2015 17:32:19 GMT" time="0.048" errors="0">
	<testcase name="f" time="0.048" classname="test.java.NewTest" />
</testsuite> <!-- test.java.NewTest -->
