<?xml version="1.0" encoding="UTF-8"?>
<!-- Generated by org.testng.reporters.JUnitReportReporter -->
<testsuite hostname="iDiya" name="test.TestCreateAccount" tests="1" failures="0" timestamp="14 Mar 2015 21:04:35 GMT" time="51.678" errors="0">
  <testcase name="test_Account_Creation" time="51.678" classname="test.TestCreateAccount"/>
</testsuite> <!-- test.TestCreateAccount -->
